<?xml version="1.0" encoding="UTF-8"?>
<!-- Generated by org.testng.reporters.JUnitReportReporter -->
<testsuite hostname="DESKTOP-B7M5UT8" failures="0" tests="1" name="Common.Base" time="0.266" errors="0" timestamp="2023-11-03T12:06:11 EDT" skipped="0">
  <testcase classname="Common.Base" name="T1" time="0.266"/>
  <system-out/>
</testsuite> <!-- Common.Base -->
