<?xml version="1.0" encoding="UTF-8"?>
<!-- Generated by org.testng.reporters.JUnitReportReporter -->
<testsuite hostname="DESKTOP-B7M5UT8" failures="0" tests="1" name="Regression2.propertyyyNewTest" time="16.144" errors="0" timestamp="2023-11-20T10:57:58 EST" skipped="0">
  <testcase classname="Regression2.propertyyyNewTest" name="f" time="16.144"/>
  <system-out/>
</testsuite> <!-- Regression2.propertyyyNewTest -->
