<?xml version="1.0" encoding="UTF-8"?>
<!-- Generated by org.testng.reporters.JUnitReportReporter -->
<testsuite hostname="DESKTOP-B7M5UT8" failures="0" tests="1" name="Regression2.linkTest7" time="12.748" errors="0" timestamp="2023-11-21T10:29:21 EST" skipped="0">
  <testcase classname="Regression2.linkTest7" name="f" time="12.748"/>
  <system-out/>
</testsuite> <!-- Regression2.linkTest7 -->
