<?xml version="1.0" encoding="UTF-8"?>
<!-- Generated by org.testng.reporters.JUnitReportReporter -->
<testsuite hostname="DESKTOP-B7M5UT8" failures="0" tests="1" name="Regression1.NewTest2" time="0.000" errors="0" timestamp="2023-11-06T13:28:15 EST" skipped="0">
  <testcase classname="Regression1.NewTest2" name="f" time="0.000"/>
  <system-out/>
</testsuite> <!-- Regression1.NewTest2 -->
