<?xml version="1.0" encoding="UTF-8"?>
<!-- Generated by org.testng.reporters.JUnitReportReporter -->
<testsuite hostname="DESKTOP-B7M5UT8" failures="0" tests="2" name="Regression2.dpNewTest6" time="60.476" errors="0" timestamp="2023-11-17T10:31:10 EST" skipped="0">
  <testcase classname="Regression2.dpNewTest6" name="f" time="29.030"/>
  <system-out/>
  <testcase classname="Regression2.dpNewTest6" name="f" time="31.446"/>
  <system-out/>
</testsuite> <!-- Regression2.dpNewTest6 -->
