<?xml version="1.0" encoding="UTF-8"?>
<!-- Generated by org.testng.reporters.JUnitReportReporter -->
<testsuite hostname="DESKTOP-B7M5UT8" failures="0" tests="1" name="Common.NewTest1" time="0.004" errors="0" timestamp="2023-11-02T10:26:17 EDT" skipped="0">
  <testcase classname="Common.NewTest1" name="f" time="0.004"/>
  <system-out/>
</testsuite> <!-- Common.NewTest1 -->
